  chunk.cpp
D:\Working\YetAnotherMinecraftClone\src\game_modules\chunk\chunk.h(27,29): warning C4244: 'argument': conversion from 'const T' to 'const _Kty', possible loss of data
          with
          [
              T=float
          ]
          and
          [
              _Kty=int
          ]
D:\Working\YetAnotherMinecraftClone\src\game_modules\chunk\chunk.h(27,53): warning C4244: 'argument': conversion from 'const T' to 'const _Kty', possible loss of data
          with
          [
              T=float
          ]
          and
          [
              _Kty=int
          ]
D:\Working\YetAnotherMinecraftClone\src\game_modules\chunk\chunk.cpp(117,13): warning C4244: 'initializing': conversion from 'double' to 'float', possible loss of data
D:\Working\YetAnotherMinecraftClone\src\game_modules\chunk\chunk.cpp(203,25): warning C4244: 'argument': conversion from 'float' to '_Ty', possible loss of data
          with
          [
              _Ty=int
          ]
D:\Working\YetAnotherMinecraftClone\src\game_modules\chunk\chunk.cpp(208,39): warning C4244: 'argument': conversion from 'T' to 'const unsigned __int64', possible loss of data
          with
          [
              T=float
          ]
D:\Working\YetAnotherMinecraftClone\src\game_modules\chunk\chunk.cpp(216,48): warning C4244: 'argument': conversion from 'T' to 'const unsigned __int64', possible loss of data
          with
          [
              T=float
          ]
D:\Working\YetAnotherMinecraftClone\src\game_modules\chunk\chunk.cpp(216,25): warning C4018: '<': signed/unsigned mismatch
D:\Working\YetAnotherMinecraftClone\src\game_modules\chunk\chunk.cpp(217,39): warning C4244: 'argument': conversion from 'T' to 'const unsigned __int64', possible loss of data
          with
          [
              T=float
          ]
D:\Working\YetAnotherMinecraftClone\src\game_modules\chunk\chunk.cpp(219,15): warning C4244: 'initializing': conversion from 'T' to 'int', possible loss of data
          with
          [
              T=float
          ]
D:\Working\YetAnotherMinecraftClone\src\game_modules\chunk\chunk.cpp(253,28): warning C4244: 'initializing': conversion from 'T' to 'unsigned int', possible loss of data
          with
          [
              T=float
          ]
D:\Working\YetAnotherMinecraftClone\src\game_modules\chunk\chunk.cpp(263,29): warning C4244: 'initializing': conversion from 'T' to 'unsigned int', possible loss of data
          with
          [
              T=float
          ]
D:\Working\YetAnotherMinecraftClone\src\game_modules\chunk\chunk.cpp(264,28): warning C4244: 'initializing': conversion from 'T' to 'unsigned int', possible loss of data
          with
          [
              T=float
          ]
D:\Working\YetAnotherMinecraftClone\src\game_modules\chunk\chunk.cpp(265,27): warning C4244: 'initializing': conversion from 'T' to 'unsigned int', possible loss of data
          with
          [
              T=float
          ]
D:\Working\YetAnotherMinecraftClone\src\game_modules\chunk\chunk.cpp(266,30): warning C4244: 'initializing': conversion from 'T' to 'unsigned int', possible loss of data
          with
          [
              T=float
          ]
D:\Working\YetAnotherMinecraftClone\src\game_modules\chunk\chunk.cpp(267,29): warning C4244: 'initializing': conversion from 'T' to 'unsigned int', possible loss of data
          with
          [
              T=float
          ]
D:\Working\YetAnotherMinecraftClone\src\game_modules\chunk\chunk.cpp(268,28): warning C4244: 'initializing': conversion from 'T' to 'unsigned int', possible loss of data
          with
          [
              T=float
          ]
D:\Working\YetAnotherMinecraftClone\src\game_modules\chunk\chunk.cpp(286,27): warning C4244: 'initializing': conversion from 'T' to 'unsigned int', possible loss of data
          with
          [
              T=float
          ]
D:\Working\YetAnotherMinecraftClone\src\game_modules\chunk\chunk.cpp(291,25): warning C4244: 'initializing': conversion from 'T' to 'unsigned int', possible loss of data
          with
          [
              T=float
          ]
D:\Working\YetAnotherMinecraftClone\src\game_modules\chunk\chunk.cpp(298,27): warning C4244: 'initializing': conversion from 'T' to 'unsigned int', possible loss of data
          with
          [
              T=float
          ]
D:\Working\YetAnotherMinecraftClone\src\game_modules\chunk\chunk.cpp(303,25): warning C4244: 'initializing': conversion from 'T' to 'unsigned int', possible loss of data
          with
          [
              T=float
          ]
D:\Working\YetAnotherMinecraftClone\src\game_modules\chunk\chunk.cpp(316,5): warning C4244: 'initializing': conversion from 'T' to 'unsigned int', possible loss of data
          with
          [
              T=float
          ]
D:\Working\YetAnotherMinecraftClone\src\game_modules\chunk\chunk.cpp(318,5): warning C4244: 'initializing': conversion from 'T' to 'unsigned int', possible loss of data
          with
          [
              T=float
          ]
D:\Working\YetAnotherMinecraftClone\src\game_modules\chunk\chunk.cpp(347,5): warning C4244: 'initializing': conversion from 'T' to 'unsigned int', possible loss of data
          with
          [
              T=float
          ]
D:\Working\YetAnotherMinecraftClone\src\game_modules\chunk\chunk.cpp(349,5): warning C4244: 'initializing': conversion from 'T' to 'unsigned int', possible loss of data
          with
          [
              T=float
          ]
D:\Working\YetAnotherMinecraftClone\src\game_modules\chunk\chunk.cpp(416,18): warning C4244: 'initializing': conversion from 'T' to 'int', possible loss of data
          with
          [
              T=float
          ]
D:\Working\YetAnotherMinecraftClone\src\game_modules\chunk\chunk.cpp(417,17): warning C4244: 'initializing': conversion from 'T' to 'int', possible loss of data
          with
          [
              T=float
          ]
D:\Working\YetAnotherMinecraftClone\src\game_modules\chunk\chunk.cpp(418,18): warning C4244: 'initializing': conversion from 'T' to 'int', possible loss of data
          with
          [
              T=float
          ]
D:\Working\YetAnotherMinecraftClone\src\game_modules\chunk\chunk.cpp(419,17): warning C4244: 'initializing': conversion from 'T' to 'int', possible loss of data
          with
          [
              T=float
          ]
D:\Working\YetAnotherMinecraftClone\src\game_modules\chunk\chunk.cpp(420,18): warning C4244: 'initializing': conversion from 'T' to 'int', possible loss of data
          with
          [
              T=float
          ]
D:\Working\YetAnotherMinecraftClone\src\game_modules\chunk\chunk.cpp(421,17): warning C4244: 'initializing': conversion from 'T' to 'int', possible loss of data
          with
          [
              T=float
          ]
D:\Working\YetAnotherMinecraftClone\src\game_modules\chunk\chunk.cpp(424,17): warning C4244: 'initializing': conversion from 'T' to 'int', possible loss of data
          with
          [
              T=float
          ]
D:\Working\YetAnotherMinecraftClone\src\game_modules\chunk\chunk.cpp(452,63): warning C4244: '=': conversion from 'T' to 'int', possible loss of data
          with
          [
              T=float
          ]
D:\Working\YetAnotherMinecraftClone\src\game_modules\chunk\chunk.cpp(474,20): warning C4244: 'initializing': conversion from 'T' to 'unsigned int', possible loss of data
          with
          [
              T=float
          ]
D:\Working\YetAnotherMinecraftClone\src\game_modules\chunk\chunk.cpp(475,19): warning C4244: 'initializing': conversion from 'T' to 'unsigned int', possible loss of data
          with
          [
              T=float
          ]
D:\Working\YetAnotherMinecraftClone\src\game_modules\chunk\chunk.cpp(476,22): warning C4244: 'initializing': conversion from 'T' to 'unsigned int', possible loss of data
          with
          [
              T=float
          ]
D:\Working\YetAnotherMinecraftClone\src\game_modules\chunk\chunk.cpp(477,21): warning C4244: 'initializing': conversion from 'T' to 'unsigned int', possible loss of data
          with
          [
              T=float
          ]
D:\Working\YetAnotherMinecraftClone\src\game_modules\chunk\chunk.cpp(478,20): warning C4244: 'initializing': conversion from 'T' to 'unsigned int', possible loss of data
          with
          [
              T=float
          ]
D:\Working\YetAnotherMinecraftClone\src\game_modules\chunk\chunk.cpp(479,21): warning C4244: 'initializing': conversion from 'T' to 'unsigned int', possible loss of data
          with
          [
              T=float
          ]
D:\Working\YetAnotherMinecraftClone\src\game_modules\chunk\chunk.cpp(583,77): warning C4267: 'argument': conversion from 'size_t' to 'unsigned int', possible loss of data
  Generating code
  Previous IPDB and IOBJ mismatch, fall back to full compilation.
  All 2406 functions were compiled because no usable IPDB/IOBJ from previous compilation was found.
  Finished generating code
  YetAnotherMinecraftClone.vcxproj -> D:\Working\YetAnotherMinecraftClone\x64\Release\YetAnotherMinecraftClone.exe
